


ARM Macro Assembler    Page 1 


    1 00000000         ;/******************************************************
                       ********************//**
    2 00000000         ; * @file     startup_CMSDK_CM0.s
    3 00000000         ; * @brief    CMSIS Cortex-M0 Core Device Startup File f
                       or
    4 00000000         ; *           Device CMSDK_CM0
    5 00000000         ; * @version  V3.01
    6 00000000         ; * @date     06. March 2012
    7 00000000         ; *
    8 00000000         ; * @note
    9 00000000         ; * Copyright (C) 2012 ARM Limited. All rights reserved.
                       
   10 00000000         ; *
   11 00000000         ; * @par
   12 00000000         ; * ARM Limited (ARM) is supplying this software for use
                        with Cortex-M
   13 00000000         ; * processor based microcontrollers.  This file can be 
                       freely distributed
   14 00000000         ; * within development tools that are supporting such AR
                       M based processors.
   15 00000000         ; *
   16 00000000         ; * @par
   17 00000000         ; * THIS SOFTWARE IS PROVIDED "AS IS".  NO WARRANTIES, W
                       HETHER EXPRESS, IMPLIED
   18 00000000         ; * OR STATUTORY, INCLUDING, BUT NOT LIMITED TO, IMPLIED
                        WARRANTIES OF
   19 00000000         ; * MERCHANTABILITY AND FITNESS FOR A PARTICULAR PURPOSE
                        APPLY TO THIS SOFTWARE.
   20 00000000         ; * ARM SHALL NOT, IN ANY CIRCUMSTANCES, BE LIABLE FOR S
                       PECIAL, INCIDENTAL, OR
   21 00000000         ; * CONSEQUENTIAL DAMAGES, FOR ANY REASON WHATSOEVER.
   22 00000000         ; *
   23 00000000         ; ******************************************************
                       ************************/
   24 00000000         ;/*
   25 00000000         ;//-------- <<< Use Configuration Wizard in Context Menu
                        >>> ------------------
   26 00000000         ;*/
   27 00000000         
   28 00000000         
   29 00000000         ; <h> Stack Configuration
   30 00000000         ;   <o> Stack Size (in Bytes) <0x0-0xFFFFFFFF:8>
   31 00000000         ; </h>
   32 00000000         
   33 00000000 00000400 
                       Stack_Size
                               EQU              0x00000400
   34 00000000         
   35 00000000                 AREA             STACK, NOINIT, READWRITE, ALIGN
=4
   36 00000000         Stack_Mem
                               SPACE            Stack_Size
   37 00000400         __initial_sp
   38 00000400         
   39 00000400         
   40 00000400         ; <h> Heap Configuration
   41 00000400         ;   <o>  Heap Size (in Bytes) <0x0-0xFFFFFFFF:8>
   42 00000400         ; </h>
   43 00000400         



ARM Macro Assembler    Page 2 


   44 00000400 00000400 
                       Heap_Size
                               EQU              0x00000400
   45 00000400         
   46 00000400                 AREA             HEAP, NOINIT, READWRITE, ALIGN=
4
   47 00000000         __heap_base
   48 00000000         Heap_Mem
                               SPACE            Heap_Size
   49 00000400         __heap_limit
   50 00000400         
   51 00000400         
   52 00000400                 PRESERVE8
   53 00000400                 THUMB
   54 00000400         
   55 00000400         
   56 00000400         ; Vector Table Mapped to Address 0 at Reset
   57 00000400         
   58 00000400                 AREA             RESET, DATA, READONLY
   59 00000000                 EXPORT           __Vectors
   60 00000000         
   61 00000000 00000000 
                       __Vectors
                               DCD              __initial_sp ; Top of Stack
   62 00000004 00000000        DCD              Reset_Handler ; Reset Handler
   63 00000008 00000000        DCD              0           ; NMI Handler
   64 0000000C 00000000        DCD              0           ; Hard Fault Handle
                                                            r
   65 00000010 00000000        DCD              0           ; Reserved
   66 00000014 00000000        DCD              0           ; Reserved
   67 00000018 00000000        DCD              0           ; Reserved
   68 0000001C 00000000        DCD              0           ; Reserved
   69 00000020 00000000        DCD              0           ; Reserved
   70 00000024 00000000        DCD              0           ; Reserved
   71 00000028 00000000        DCD              0           ; Reserved
   72 0000002C 00000000        DCD              0           ; SVCall Handler
   73 00000030 00000000        DCD              0           ; Reserved
   74 00000034 00000000        DCD              0           ; Reserved
   75 00000038 00000000        DCD              0           ; PendSV Handler
   76 0000003C 00000000        DCD              0           ; SysTick Handler  
                                                            
   77 00000040 00000000        DCD              LCDRUN_Handler
   78 00000044 00000000        DCD              TIMER_Handler ; IRQ0 Handler   
                                                               
   79 00000048 00000000        DCD              KEY0_Handler ; IRQ0 Handler
   80 0000004C 00000000        DCD              KEY1_Handler ; IRQ1 Handler
   81 00000050 00000000        DCD              KEY2_Handler ; IRQ2 Handler
   82 00000054 00000000        DCD              KEY3_Handler ; IRQ3 Handler
   83 00000058 00000000        DCD              KEY4_Handler ; IRQ0 Handler
   84 0000005C 00000000        DCD              KEY5_Handler ; IRQ1 Handler
   85 00000060 00000000        DCD              KEY6_Handler ; IRQ2 Handler
   86 00000064 00000000        DCD              KEY7_Handler ; IRQ3 Handler
   87 00000068 00000000        DCD              KEY8_Handler ; IRQ0 Handler
   88 0000006C 00000000        DCD              KEY9_Handler ; IRQ1 Handler
   89 00000070 00000000        DCD              KEY10_Handler ; IRQ2 Handler
   90 00000074 00000000        DCD              KEY11_Handler ; IRQ3 Handler
   91 00000078 00000000        DCD              KEY12_Handler ; IRQ0 Handler
   92 0000007C 00000000        DCD              KEY13_Handler ; IRQ1 Handler
   93 00000080 00000000        DCD              KEY14_Handler ; IRQ2 Handler



ARM Macro Assembler    Page 3 


   94 00000084 00000000        DCD              KEY15_Handler ; IRQ3 Handler
   95 00000088         
   96 00000088         
   97 00000088         
   98 00000088         
   99 00000088                 AREA             |.text|, CODE, READONLY
  100 00000000         
  101 00000000         
  102 00000000         ; Reset Handler
  103 00000000         
  104 00000000         Reset_Handler
                               PROC
  105 00000000                 GLOBAL           Reset_Handler
  106 00000000                 ENTRY
  107 00000000                 IMPORT           __main
  108 00000000 4828            LDR              R0, =__main
  109 00000002 4680            MOV              R8, R0
  110 00000004 46C1            MOV              R9, R8
  111 00000006 4700            BX               R0
  112 00000008                 ENDP
  113 00000008         
  114 00000008         ; complete IRQ_Handler function here
  115 00000008         
  116 00000008         LCDRUN_Handler
                               PROC
  117 00000008                 EXPORT           LCDRUN_Handler            [WEAK
]
  118 00000008                 IMPORT           LCD_FINISH
  119 00000008 B507            PUSH             {R0,R1,R2,LR}
  120 0000000A F7FF FFFE       BL               LCD_FINISH
  121 0000000E BD07            POP              {R0,R1,R2,PC}
  122 00000010                 ENDP
  123 00000010         
  124 00000010         
  125 00000010         TIMER_Handler
                               PROC
  126 00000010                 EXPORT           TIMER_Handler            [WEAK]
  127 00000010                 IMPORT           TIMER
  128 00000010 B507            PUSH             {R0,R1,R2,LR}
  129 00000012 F7FF FFFE       BL               TIMER
  130 00000016 BD07            POP              {R0,R1,R2,PC}
  131 00000018                 ENDP
  132 00000018         KEY0_Handler
                               PROC
  133 00000018                 EXPORT           KEY0_Handler            [WEAK]
  134 00000018                 IMPORT           KEY0
  135 00000018 B507            PUSH             {R0,R1,R2,LR}
  136 0000001A F7FF FFFE       BL               KEY0
  137 0000001E BD07            POP              {R0,R1,R2,PC}
  138 00000020                 ENDP
  139 00000020         
  140 00000020         KEY1_Handler
                               PROC
  141 00000020                 EXPORT           KEY1_Handler            [WEAK]
  142 00000020                 IMPORT           KEY1
  143 00000020 B507            PUSH             {R0,R1,R2,LR}
  144 00000022 F7FF FFFE       BL               KEY1
  145 00000026 BD07            POP              {R0,R1,R2,PC}
  146 00000028                 ENDP



ARM Macro Assembler    Page 4 


  147 00000028         
  148 00000028         KEY2_Handler
                               PROC
  149 00000028                 EXPORT           KEY2_Handler            [WEAK]
  150 00000028                 IMPORT           KEY2
  151 00000028 B507            PUSH             {R0,R1,R2,LR}
  152 0000002A F7FF FFFE       BL               KEY2
  153 0000002E BD07            POP              {R0,R1,R2,PC}
  154 00000030                 ENDP
  155 00000030         
  156 00000030         KEY3_Handler
                               PROC
  157 00000030                 EXPORT           KEY3_Handler            [WEAK]
  158 00000030                 IMPORT           KEY3
  159 00000030 B507            PUSH             {R0,R1,R2,LR}
  160 00000032 F7FF FFFE       BL               KEY3
  161 00000036 BD07            POP              {R0,R1,R2,PC}
  162 00000038                 ENDP
  163 00000038         
  164 00000038         KEY4_Handler
                               PROC
  165 00000038                 EXPORT           KEY4_Handler            [WEAK]
  166 00000038                 IMPORT           KEY4
  167 00000038 B507            PUSH             {R0,R1,R2,LR}
  168 0000003A F7FF FFFE       BL               KEY4
  169 0000003E BD07            POP              {R0,R1,R2,PC}
  170 00000040                 ENDP
  171 00000040         
  172 00000040         KEY5_Handler
                               PROC
  173 00000040                 EXPORT           KEY5_Handler            [WEAK]
  174 00000040                 IMPORT           KEY5
  175 00000040 B507            PUSH             {R0,R1,R2,LR}
  176 00000042 F7FF FFFE       BL               KEY5
  177 00000046 BD07            POP              {R0,R1,R2,PC}
  178 00000048                 ENDP
  179 00000048         
  180 00000048         KEY6_Handler
                               PROC
  181 00000048                 EXPORT           KEY6_Handler            [WEAK]
  182 00000048                 IMPORT           KEY6
  183 00000048 B507            PUSH             {R0,R1,R2,LR}
  184 0000004A F7FF FFFE       BL               KEY6
  185 0000004E BD07            POP              {R0,R1,R2,PC}
  186 00000050                 ENDP
  187 00000050         
  188 00000050         KEY7_Handler
                               PROC
  189 00000050                 EXPORT           KEY7_Handler            [WEAK]
  190 00000050                 IMPORT           KEY7
  191 00000050 B507            PUSH             {R0,R1,R2,LR}
  192 00000052 F7FF FFFE       BL               KEY7
  193 00000056 BD07            POP              {R0,R1,R2,PC}
  194 00000058                 ENDP
  195 00000058         
  196 00000058         KEY8_Handler
                               PROC
  197 00000058                 EXPORT           KEY8_Handler            [WEAK]
  198 00000058                 IMPORT           KEY8



ARM Macro Assembler    Page 5 


  199 00000058 B507            PUSH             {R0,R1,R2,LR}
  200 0000005A F7FF FFFE       BL               KEY8
  201 0000005E BD07            POP              {R0,R1,R2,PC}
  202 00000060                 ENDP
  203 00000060         
  204 00000060         KEY9_Handler
                               PROC
  205 00000060                 EXPORT           KEY9_Handler            [WEAK]
  206 00000060                 IMPORT           KEY9
  207 00000060 B507            PUSH             {R0,R1,R2,LR}
  208 00000062 F7FF FFFE       BL               KEY9
  209 00000066 BD07            POP              {R0,R1,R2,PC}
  210 00000068                 ENDP
  211 00000068         
  212 00000068         KEY10_Handler
                               PROC
  213 00000068                 EXPORT           KEY10_Handler            [WEAK]
  214 00000068                 IMPORT           KEY10
  215 00000068 B507            PUSH             {R0,R1,R2,LR}
  216 0000006A F7FF FFFE       BL               KEY10
  217 0000006E BD07            POP              {R0,R1,R2,PC}
  218 00000070                 ENDP
  219 00000070         
  220 00000070         KEY11_Handler
                               PROC
  221 00000070                 EXPORT           KEY11_Handler            [WEAK]
  222 00000070                 IMPORT           KEY11
  223 00000070 B507            PUSH             {R0,R1,R2,LR}
  224 00000072 F7FF FFFE       BL               KEY11
  225 00000076 BD07            POP              {R0,R1,R2,PC}
  226 00000078                 ENDP
  227 00000078         
  228 00000078         KEY12_Handler
                               PROC
  229 00000078                 EXPORT           KEY12_Handler            [WEAK]
  230 00000078                 IMPORT           KEY12
  231 00000078 B507            PUSH             {R0,R1,R2,LR}
  232 0000007A F7FF FFFE       BL               KEY12
  233 0000007E BD07            POP              {R0,R1,R2,PC}
  234 00000080                 ENDP
  235 00000080         
  236 00000080         KEY13_Handler
                               PROC
  237 00000080                 EXPORT           KEY13_Handler            [WEAK]
  238 00000080                 IMPORT           KEY13
  239 00000080 B507            PUSH             {R0,R1,R2,LR}
  240 00000082 F7FF FFFE       BL               KEY13
  241 00000086 BD07            POP              {R0,R1,R2,PC}
  242 00000088                 ENDP
  243 00000088         
  244 00000088         KEY14_Handler
                               PROC
  245 00000088                 EXPORT           KEY14_Handler            [WEAK]
  246 00000088                 IMPORT           KEY14
  247 00000088 B507            PUSH             {R0,R1,R2,LR}
  248 0000008A F7FF FFFE       BL               KEY14
  249 0000008E BD07            POP              {R0,R1,R2,PC}
  250 00000090                 ENDP
  251 00000090         



ARM Macro Assembler    Page 6 


  252 00000090         KEY15_Handler
                               PROC
  253 00000090                 EXPORT           KEY15_Handler            [WEAK]
  254 00000090                 IMPORT           KEY15
  255 00000090 B507            PUSH             {R0,R1,R2,LR}
  256 00000092 F7FF FFFE       BL               KEY15
  257 00000096 BD07            POP              {R0,R1,R2,PC}
  258 00000098                 ENDP
  259 00000098         ;;;;;;;;;;;;;;;;;;;;;;;;;;;;;;;;;;;
  260 00000098         
  261 00000098         
  262 00000098                 ALIGN            4
  263 00000098         
  264 00000098                 IF               :DEF:__MICROLIB
  271 00000098         
  272 00000098                 IMPORT           __use_two_region_memory
  273 00000098                 EXPORT           __user_initial_stackheap
  274 00000098         
  275 00000098         __user_initial_stackheap
  276 00000098         
  277 00000098 4803            LDR              R0, =  Heap_Mem
  278 0000009A 4904            LDR              R1, =(Stack_Mem + Stack_Size)
  279 0000009C 4A04            LDR              R2, = (Heap_Mem +  Heap_Size)
  280 0000009E 4B05            LDR              R3, = Stack_Mem
  281 000000A0 4770            BX               LR
  282 000000A2         
  283 000000A2 00 00           ALIGN
  284 000000A4         
  285 000000A4                 ENDIF
  286 000000A4         
  287 000000A4                 END
              00000000 
              00000000 
              00000400 
              00000400 
              00000000 
Command Line: --debug --xref --diag_suppress=9931 --cpu=Cortex-M0 --apcs=interw
ork --depend=.\startup_cmsdk_cm0.d -o.\startup_cmsdk_cm0.o -I.\RTE\_Target_1 -I
G:\MDKeil523\ARM\PACK\Keil\V2M-MPS2_CMx_BSP\1.8.0\Device\CMSDK_CM0\Include -IG:
\MDKeil523\ARM\CMSIS\Include --predefine="__UVISION_VERSION SETA 523" --predefi
ne="CMSDK_CM0 SETA 1" --list=.\listings\startup_cmsdk_cm0.lst startup_CMSDK_CM0
.s



ARM Macro Assembler    Page 1 Alphabetic symbol ordering
Relocatable symbols

STACK 00000000

Symbol: STACK
   Definitions
      At line 35 in file startup_CMSDK_CM0.s
   Uses
      None
Comment: STACK unused
Stack_Mem 00000000

Symbol: Stack_Mem
   Definitions
      At line 36 in file startup_CMSDK_CM0.s
   Uses
      At line 278 in file startup_CMSDK_CM0.s
      At line 280 in file startup_CMSDK_CM0.s

__initial_sp 00000400

Symbol: __initial_sp
   Definitions
      At line 37 in file startup_CMSDK_CM0.s
   Uses
      At line 61 in file startup_CMSDK_CM0.s
Comment: __initial_sp used once
3 symbols



ARM Macro Assembler    Page 1 Alphabetic symbol ordering
Relocatable symbols

HEAP 00000000

Symbol: HEAP
   Definitions
      At line 46 in file startup_CMSDK_CM0.s
   Uses
      None
Comment: HEAP unused
Heap_Mem 00000000

Symbol: Heap_Mem
   Definitions
      At line 48 in file startup_CMSDK_CM0.s
   Uses
      At line 277 in file startup_CMSDK_CM0.s
      At line 279 in file startup_CMSDK_CM0.s

__heap_base 00000000

Symbol: __heap_base
   Definitions
      At line 47 in file startup_CMSDK_CM0.s
   Uses
      None
Comment: __heap_base unused
__heap_limit 00000400

Symbol: __heap_limit
   Definitions
      At line 49 in file startup_CMSDK_CM0.s
   Uses
      None
Comment: __heap_limit unused
4 symbols



ARM Macro Assembler    Page 1 Alphabetic symbol ordering
Relocatable symbols

RESET 00000000

Symbol: RESET
   Definitions
      At line 58 in file startup_CMSDK_CM0.s
   Uses
      None
Comment: RESET unused
__Vectors 00000000

Symbol: __Vectors
   Definitions
      At line 61 in file startup_CMSDK_CM0.s
   Uses
      At line 59 in file startup_CMSDK_CM0.s
Comment: __Vectors used once
2 symbols



ARM Macro Assembler    Page 1 Alphabetic symbol ordering
Relocatable symbols

.text 00000000

Symbol: .text
   Definitions
      At line 99 in file startup_CMSDK_CM0.s
   Uses
      None
Comment: .text unused
KEY0_Handler 00000018

Symbol: KEY0_Handler
   Definitions
      At line 132 in file startup_CMSDK_CM0.s
   Uses
      At line 79 in file startup_CMSDK_CM0.s
      At line 133 in file startup_CMSDK_CM0.s

KEY10_Handler 00000068

Symbol: KEY10_Handler
   Definitions
      At line 212 in file startup_CMSDK_CM0.s
   Uses
      At line 89 in file startup_CMSDK_CM0.s
      At line 213 in file startup_CMSDK_CM0.s

KEY11_Handler 00000070

Symbol: KEY11_Handler
   Definitions
      At line 220 in file startup_CMSDK_CM0.s
   Uses
      At line 90 in file startup_CMSDK_CM0.s
      At line 221 in file startup_CMSDK_CM0.s

KEY12_Handler 00000078

Symbol: KEY12_Handler
   Definitions
      At line 228 in file startup_CMSDK_CM0.s
   Uses
      At line 91 in file startup_CMSDK_CM0.s
      At line 229 in file startup_CMSDK_CM0.s

KEY13_Handler 00000080

Symbol: KEY13_Handler
   Definitions
      At line 236 in file startup_CMSDK_CM0.s
   Uses
      At line 92 in file startup_CMSDK_CM0.s
      At line 237 in file startup_CMSDK_CM0.s

KEY14_Handler 00000088

Symbol: KEY14_Handler
   Definitions
      At line 244 in file startup_CMSDK_CM0.s
   Uses



ARM Macro Assembler    Page 2 Alphabetic symbol ordering
Relocatable symbols

      At line 93 in file startup_CMSDK_CM0.s
      At line 245 in file startup_CMSDK_CM0.s

KEY15_Handler 00000090

Symbol: KEY15_Handler
   Definitions
      At line 252 in file startup_CMSDK_CM0.s
   Uses
      At line 94 in file startup_CMSDK_CM0.s
      At line 253 in file startup_CMSDK_CM0.s

KEY1_Handler 00000020

Symbol: KEY1_Handler
   Definitions
      At line 140 in file startup_CMSDK_CM0.s
   Uses
      At line 80 in file startup_CMSDK_CM0.s
      At line 141 in file startup_CMSDK_CM0.s

KEY2_Handler 00000028

Symbol: KEY2_Handler
   Definitions
      At line 148 in file startup_CMSDK_CM0.s
   Uses
      At line 81 in file startup_CMSDK_CM0.s
      At line 149 in file startup_CMSDK_CM0.s

KEY3_Handler 00000030

Symbol: KEY3_Handler
   Definitions
      At line 156 in file startup_CMSDK_CM0.s
   Uses
      At line 82 in file startup_CMSDK_CM0.s
      At line 157 in file startup_CMSDK_CM0.s

KEY4_Handler 00000038

Symbol: KEY4_Handler
   Definitions
      At line 164 in file startup_CMSDK_CM0.s
   Uses
      At line 83 in file startup_CMSDK_CM0.s
      At line 165 in file startup_CMSDK_CM0.s

KEY5_Handler 00000040

Symbol: KEY5_Handler
   Definitions
      At line 172 in file startup_CMSDK_CM0.s
   Uses
      At line 84 in file startup_CMSDK_CM0.s
      At line 173 in file startup_CMSDK_CM0.s

KEY6_Handler 00000048




ARM Macro Assembler    Page 3 Alphabetic symbol ordering
Relocatable symbols

Symbol: KEY6_Handler
   Definitions
      At line 180 in file startup_CMSDK_CM0.s
   Uses
      At line 85 in file startup_CMSDK_CM0.s
      At line 181 in file startup_CMSDK_CM0.s

KEY7_Handler 00000050

Symbol: KEY7_Handler
   Definitions
      At line 188 in file startup_CMSDK_CM0.s
   Uses
      At line 86 in file startup_CMSDK_CM0.s
      At line 189 in file startup_CMSDK_CM0.s

KEY8_Handler 00000058

Symbol: KEY8_Handler
   Definitions
      At line 196 in file startup_CMSDK_CM0.s
   Uses
      At line 87 in file startup_CMSDK_CM0.s
      At line 197 in file startup_CMSDK_CM0.s

KEY9_Handler 00000060

Symbol: KEY9_Handler
   Definitions
      At line 204 in file startup_CMSDK_CM0.s
   Uses
      At line 88 in file startup_CMSDK_CM0.s
      At line 205 in file startup_CMSDK_CM0.s

LCDRUN_Handler 00000008

Symbol: LCDRUN_Handler
   Definitions
      At line 116 in file startup_CMSDK_CM0.s
   Uses
      At line 77 in file startup_CMSDK_CM0.s
      At line 117 in file startup_CMSDK_CM0.s

Reset_Handler 00000000

Symbol: Reset_Handler
   Definitions
      At line 104 in file startup_CMSDK_CM0.s
   Uses
      At line 62 in file startup_CMSDK_CM0.s
      At line 105 in file startup_CMSDK_CM0.s

TIMER_Handler 00000010

Symbol: TIMER_Handler
   Definitions
      At line 125 in file startup_CMSDK_CM0.s
   Uses
      At line 78 in file startup_CMSDK_CM0.s



ARM Macro Assembler    Page 4 Alphabetic symbol ordering
Relocatable symbols

      At line 126 in file startup_CMSDK_CM0.s

__user_initial_stackheap 00000098

Symbol: __user_initial_stackheap
   Definitions
      At line 275 in file startup_CMSDK_CM0.s
   Uses
      At line 273 in file startup_CMSDK_CM0.s
Comment: __user_initial_stackheap used once
21 symbols



ARM Macro Assembler    Page 1 Alphabetic symbol ordering
Absolute symbols

Heap_Size 00000400

Symbol: Heap_Size
   Definitions
      At line 44 in file startup_CMSDK_CM0.s
   Uses
      At line 48 in file startup_CMSDK_CM0.s
      At line 279 in file startup_CMSDK_CM0.s

Stack_Size 00000400

Symbol: Stack_Size
   Definitions
      At line 33 in file startup_CMSDK_CM0.s
   Uses
      At line 36 in file startup_CMSDK_CM0.s
      At line 278 in file startup_CMSDK_CM0.s

2 symbols



ARM Macro Assembler    Page 1 Alphabetic symbol ordering
External symbols

KEY0 00000000

Symbol: KEY0
   Definitions
      At line 134 in file startup_CMSDK_CM0.s
   Uses
      At line 136 in file startup_CMSDK_CM0.s
Comment: KEY0 used once
KEY1 00000000

Symbol: KEY1
   Definitions
      At line 142 in file startup_CMSDK_CM0.s
   Uses
      At line 144 in file startup_CMSDK_CM0.s
Comment: KEY1 used once
KEY10 00000000

Symbol: KEY10
   Definitions
      At line 214 in file startup_CMSDK_CM0.s
   Uses
      At line 216 in file startup_CMSDK_CM0.s
Comment: KEY10 used once
KEY11 00000000

Symbol: KEY11
   Definitions
      At line 222 in file startup_CMSDK_CM0.s
   Uses
      At line 224 in file startup_CMSDK_CM0.s
Comment: KEY11 used once
KEY12 00000000

Symbol: KEY12
   Definitions
      At line 230 in file startup_CMSDK_CM0.s
   Uses
      At line 232 in file startup_CMSDK_CM0.s
Comment: KEY12 used once
KEY13 00000000

Symbol: KEY13
   Definitions
      At line 238 in file startup_CMSDK_CM0.s
   Uses
      At line 240 in file startup_CMSDK_CM0.s
Comment: KEY13 used once
KEY14 00000000

Symbol: KEY14
   Definitions
      At line 246 in file startup_CMSDK_CM0.s
   Uses
      At line 248 in file startup_CMSDK_CM0.s
Comment: KEY14 used once
KEY15 00000000

Symbol: KEY15



ARM Macro Assembler    Page 2 Alphabetic symbol ordering
External symbols

   Definitions
      At line 254 in file startup_CMSDK_CM0.s
   Uses
      At line 256 in file startup_CMSDK_CM0.s
Comment: KEY15 used once
KEY2 00000000

Symbol: KEY2
   Definitions
      At line 150 in file startup_CMSDK_CM0.s
   Uses
      At line 152 in file startup_CMSDK_CM0.s
Comment: KEY2 used once
KEY3 00000000

Symbol: KEY3
   Definitions
      At line 158 in file startup_CMSDK_CM0.s
   Uses
      At line 160 in file startup_CMSDK_CM0.s
Comment: KEY3 used once
KEY4 00000000

Symbol: KEY4
   Definitions
      At line 166 in file startup_CMSDK_CM0.s
   Uses
      At line 168 in file startup_CMSDK_CM0.s
Comment: KEY4 used once
KEY5 00000000

Symbol: KEY5
   Definitions
      At line 174 in file startup_CMSDK_CM0.s
   Uses
      At line 176 in file startup_CMSDK_CM0.s
Comment: KEY5 used once
KEY6 00000000

Symbol: KEY6
   Definitions
      At line 182 in file startup_CMSDK_CM0.s
   Uses
      At line 184 in file startup_CMSDK_CM0.s
Comment: KEY6 used once
KEY7 00000000

Symbol: KEY7
   Definitions
      At line 190 in file startup_CMSDK_CM0.s
   Uses
      At line 192 in file startup_CMSDK_CM0.s
Comment: KEY7 used once
KEY8 00000000

Symbol: KEY8
   Definitions
      At line 198 in file startup_CMSDK_CM0.s
   Uses



ARM Macro Assembler    Page 3 Alphabetic symbol ordering
External symbols

      At line 200 in file startup_CMSDK_CM0.s
Comment: KEY8 used once
KEY9 00000000

Symbol: KEY9
   Definitions
      At line 206 in file startup_CMSDK_CM0.s
   Uses
      At line 208 in file startup_CMSDK_CM0.s
Comment: KEY9 used once
LCD_FINISH 00000000

Symbol: LCD_FINISH
   Definitions
      At line 118 in file startup_CMSDK_CM0.s
   Uses
      At line 120 in file startup_CMSDK_CM0.s
Comment: LCD_FINISH used once
TIMER 00000000

Symbol: TIMER
   Definitions
      At line 127 in file startup_CMSDK_CM0.s
   Uses
      At line 129 in file startup_CMSDK_CM0.s
Comment: TIMER used once
__main 00000000

Symbol: __main
   Definitions
      At line 107 in file startup_CMSDK_CM0.s
   Uses
      At line 108 in file startup_CMSDK_CM0.s
Comment: __main used once
__use_two_region_memory 00000000

Symbol: __use_two_region_memory
   Definitions
      At line 272 in file startup_CMSDK_CM0.s
   Uses
      None
Comment: __use_two_region_memory unused
20 symbols
388 symbols in table
